<?xml version="1.0" encoding="UTF-8" ?>
<testsuite errors="0" failures="0" hostname="InteliMed-02" name="intermediate.PacienteTests" tests="1" time="0.0040" timestamp="2011-04-25T19:21:44">
  <properties />
  <testcase classname="intermediate.PacienteTests" name="testSomething" time="0.0020" />
  <system-out><![CDATA[--Output from testSomething--
]]></system-out>
  <system-err><![CDATA[--Output from testSomething--
]]></system-err>
</testsuite>
